[0520/230739.278:ERROR:process_memory_win.cc(73)] ReadMemory at 0x7ff721bc0000 of 64 bytes failed: Only part of a ReadProcessMemory or WriteProcessMemory request was completed. (0x12B)
[0520/230739.279:WARNING:pe_image_reader.cc(340)] could not read dos header from C:\Program Files (x86)\Google\Chrome\Application\chrome.exe
[0520/230739.279:ERROR:process_memory_win.cc(73)] ReadMemory at 0x7ffa6c1c0000 of 64 bytes failed: Only part of a ReadProcessMemory or WriteProcessMemory request was completed. (0x12B)
[0520/230739.279:WARNING:pe_image_reader.cc(340)] could not read dos header from C:\WINDOWS\SYSTEM32\ntdll.dll
[0520/230739.279:ERROR:process_memory_win.cc(73)] ReadMemory at 0x7ffa6b3b0000 of 64 bytes failed: Only part of a ReadProcessMemory or WriteProcessMemory request was completed. (0x12B)
[0520/230739.280:WARNING:pe_image_reader.cc(340)] could not read dos header from C:\WINDOWS\System32\KERNEL32.DLL
[0520/230739.280:ERROR:process_memory_win.cc(73)] ReadMemory at 0x7ffa697c0000 of 64 bytes failed: Only part of a ReadProcessMemory or WriteProcessMemory request was completed. (0x12B)
[0520/230739.280:WARNING:pe_image_reader.cc(340)] could not read dos header from C:\WINDOWS\System32\KERNELBASE.dll
[0520/230739.280:ERROR:process_memory_win.cc(73)] ReadMemory at 0x7ffa4bdc0000 of 64 bytes failed: Only part of a ReadProcessMemory or WriteProcessMemory request was completed. (0x12B)
[0520/230739.280:WARNING:pe_image_reader.cc(340)] could not read dos header from C:\Program Files (x86)\Google\Chrome\Application\81.0.4044.138\chrome_elf.dll
[0520/230739.280:ERROR:process_memory_win.cc(73)] ReadMemory at 0x7ffa61ec0000 of 64 bytes failed: Only part of a ReadProcessMemory or WriteProcessMemory request was completed. (0x12B)
[0520/230739.280:WARNING:pe_image_reader.cc(340)] could not read dos header from C:\WINDOWS\SYSTEM32\VERSION.dll
[0520/230739.280:ERROR:process_memory_win.cc(73)] ReadMemory at 0x7ffa6be00000 of 64 bytes failed: Only part of a ReadProcessMemory or WriteProcessMemory request was completed. (0x12B)
[0520/230739.280:WARNING:pe_image_reader.cc(340)] could not read dos header from C:\WINDOWS\System32\msvcrt.dll
[0520/230739.280:ERROR:process_memory_win.cc(73)] ReadMemory at 0x7ffa69710000 of 64 bytes failed: Only part of a ReadProcessMemory or WriteProcessMemory request was completed. (0x12B)
[0520/230739.280:WARNING:pe_image_reader.cc(340)] could not read dos header from C:\WINDOWS\System32\bcryptPrimitives.dll
[0520/230739.280:ERROR:process_memory_win.cc(73)] ReadMemory at 0x7ffa6b720000 of 64 bytes failed: Only part of a ReadProcessMemory or WriteProcessMemory request was completed. (0x12B)
[0520/230739.280:WARNING:pe_image_reader.cc(340)] could not read dos header from C:\WINDOWS\System32\ADVAPI32.dll
[0520/230739.280:ERROR:process_memory_win.cc(73)] ReadMemory at 0x7ffa6a320000 of 64 bytes failed: Only part of a ReadProcessMemory or WriteProcessMemory request was completed. (0x12B)
[0520/230739.280:WARNING:pe_image_reader.cc(340)] could not read dos header from C:\WINDOWS\System32\sechost.dll
[0520/230739.280:ERROR:process_memory_win.cc(73)] ReadMemory at 0x7ffa6b260000 of 64 bytes failed: Only part of a ReadProcessMemory or WriteProcessMemory request was completed. (0x12B)
[0520/230739.280:WARNING:pe_image_reader.cc(340)] could not read dos header from C:\WINDOWS\System32\RPCRT4.dll
[0520/230739.280:ERROR:process_memory_win.cc(73)] ReadMemory at 0x7ff9f0b00000 of 64 bytes failed: Only part of a ReadProcessMemory or WriteProcessMemory request was completed. (0x12B)
[0520/230739.280:WARNING:pe_image_reader.cc(340)] could not read dos header from C:\Program Files (x86)\Google\Chrome\Application\81.0.4044.138\chrome.dll
[0520/230739.280:ERROR:process_memory_win.cc(73)] ReadMemory at 0x7ffa6bc50000 of 64 bytes failed: Only part of a ReadProcessMemory or WriteProcessMemory request was completed. (0x12B)
[0520/230739.280:WARNING:pe_image_reader.cc(340)] could not read dos header from C:\WINDOWS\System32\WS2_32.dll
[0520/230739.280:ERROR:process_memory_win.cc(73)] ReadMemory at 0x7ffa6b7d0000 of 64 bytes failed: Only part of a ReadProcessMemory or WriteProcessMemory request was completed. (0x12B)
[0520/230739.280:WARNING:pe_image_reader.cc(340)] could not read dos header from C:\WINDOWS\System32\OLEAUT32.dll
[0520/230739.280:ERROR:process_memory_win.cc(73)] ReadMemory at 0x7ffa69650000 of 64 bytes failed: Only part of a ReadProcessMemory or WriteProcessMemory request was completed. (0x12B)
[0520/230739.280:WARNING:pe_image_reader.cc(340)] could not read dos header from C:\WINDOWS\System32\msvcp_win.dll
[0520/230739.280:ERROR:process_memory_win.cc(73)] ReadMemory at 0x7ffa69150000 of 64 bytes failed: Only part of a ReadProcessMemory or WriteProcessMemory request was completed. (0x12B)
[0520/230739.280:WARNING:pe_image_reader.cc(340)] could not read dos header from C:\WINDOWS\System32\ucrtbase.dll
[0520/230739.280:ERROR:process_memory_win.cc(73)] ReadMemory at 0x7ffa6a830000 of 64 bytes failed: Only part of a ReadProcessMemory or WriteProcessMemory request was completed. (0x12B)
[0520/230739.280:WARNING:pe_image_reader.cc(340)] could not read dos header from C:\WINDOWS\System32\combase.dll
[0520/230739.281:ERROR:process_memory_win.cc(73)] ReadMemory at 0x7ffa695f0000 of 64 bytes failed: Only part of a ReadProcessMemory or WriteProcessMemory request was completed. (0x12B)
[0520/230739.281:WARNING:pe_image_reader.cc(340)] could not read dos header from C:\WINDOWS\System32\WINTRUST.dll
[0520/230739.281:ERROR:process_memory_win.cc(73)] ReadMemory at 0x7ffa69090000 of 64 bytes failed: Only part of a ReadProcessMemory or WriteProcessMemory request was completed. (0x12B)
[0520/230739.281:WARNING:pe_image_reader.cc(340)] could not read dos header from C:\WINDOWS\System32\MSASN1.dll
[0520/230739.281:ERROR:process_memory_win.cc(73)] ReadMemory at 0x7ffa694a0000 of 64 bytes failed: Only part of a ReadProcessMemory or WriteProcessMemory request was completed. (0x12B)
[0520/230739.281:WARNING:pe_image_reader.cc(340)] could not read dos header from C:\WINDOWS\System32\CRYPT32.dll
[0520/230739.281:ERROR:process_memory_win.cc(73)] ReadMemory at 0x7ffa68600000 of 64 bytes failed: Only part of a ReadProcessMemory or WriteProcessMemory request was completed. (0x12B)
[0520/230739.281:WARNING:pe_image_reader.cc(340)] could not read dos header from C:\WINDOWS\SYSTEM32\IPHLPAPI.DLL
[0520/230739.281:ERROR:process_memory_win.cc(73)] ReadMemory at 0x7ffa66b90000 of 64 bytes failed: Only part of a ReadProcessMemory or WriteProcessMemory request was completed. (0x12B)
[0520/230739.281:WARNING:pe_image_reader.cc(340)] could not read dos header from C:\WINDOWS\SYSTEM32\WINMM.dll
[0520/230739.281:ERROR:process_memory_win.cc(73)] ReadMemory at 0x7ffa57cb0000 of 64 bytes failed: Only part of a ReadProcessMemory or WriteProcessMemory request was completed. (0x12B)
[0520/230739.281:WARNING:pe_image_reader.cc(340)] could not read dos header from C:\WINDOWS\SYSTEM32\Secur32.dll
[0520/230739.281:ERROR:process_memory_win.cc(73)] ReadMemory at 0x7ffa68fa0000 of 64 bytes failed: Only part of a ReadProcessMemory or WriteProcessMemory request was completed. (0x12B)
[0520/230739.281:WARNING:pe_image_reader.cc(340)] could not read dos header from C:\WINDOWS\SYSTEM32\USERENV.dll
[0520/230739.281:ERROR:process_memory_win.cc(73)] ReadMemory at 0x7ffa690d0000 of 64 bytes failed: Only part of a ReadProcessMemory or WriteProcessMemory request was completed. (0x12B)
[0520/230739.281:WARNING:pe_image_reader.cc(340)] could not read dos header from C:\WINDOWS\System32\profapi.dll
[0520/230739.281:ERROR:process_memory_win.cc(73)] ReadMemory at 0x7ffa45060000 of 64 bytes failed: Only part of a ReadProcessMemory or WriteProcessMemory request was completed. (0x12B)
[0520/230739.281:WARNING:pe_image_reader.cc(340)] could not read dos header from C:\WINDOWS\SYSTEM32\UIAutomationCore.DLL
[0520/230739.281:ERROR:process_memory_win.cc(73)] ReadMemory at 0x7ffa4dc30000 of 64 bytes failed: Only part of a ReadProcessMemory or WriteProcessMemory request was completed. (0x12B)
[0520/230739.281:WARNING:pe_image_reader.cc(340)] could not read dos header from C:\WINDOWS\SYSTEM32\DWrite.dll
[0520/230739.281:ERROR:process_memory_win.cc(73)] ReadMemory at 0x7ffa5f8e0000 of 64 bytes failed: Only part of a ReadProcessMemory or WriteProcessMemory request was completed. (0x12B)
[0520/230739.281:WARNING:pe_image_reader.cc(340)] could not read dos header from C:\WINDOWS\SYSTEM32\WINSPOOL.DRV
[0520/230739.281:ERROR:process_memory_win.cc(73)] ReadMemory at 0x7ffa690b0000 of 64 bytes failed: Only part of a ReadProcessMemory or WriteProcessMemory request was completed. (0x12B)
[0520/230739.281:WARNING:pe_image_reader.cc(340)] could not read dos header from C:\WINDOWS\System32\kernel.appcore.dll
[0520/230739.281:ERROR:process_memory_win.cc(73)] ReadMemory at 0x7ffa6a1f0000 of 64 bytes failed: Only part of a ReadProcessMemory or WriteProcessMemory request was completed. (0x12B)
[0520/230739.281:WARNING:pe_image_reader.cc(340)] could not read dos header from C:\WINDOWS\System32\bcrypt.dll
[0520/230739.281:ERROR:process_memory_win.cc(73)] ReadMemory at 0x7ffa558c0000 of 64 bytes failed: Only part of a ReadProcessMemory or WriteProcessMemory request was completed. (0x12B)
[0520/230739.281:WARNING:pe_image_reader.cc(340)] could not read dos header from C:\WINDOWS\SYSTEM32\dbghelp.dll
[0520/230739.281:ERROR:process_memory_win.cc(73)] ReadMemory at 0x7ffa64000000 of 64 bytes failed: Only part of a ReadProcessMemory or WriteProcessMemory request was completed. (0x12B)
[0520/230739.281:WARNING:pe_image_reader.cc(340)] could not read dos header from C:\WINDOWS\SYSTEM32\WINHTTP.dll
[0520/230739.282:ERROR:process_memory_win.cc(73)] ReadMemory at 0x7ffa61ea0000 of 64 bytes failed: Only part of a ReadProcessMemory or WriteProcessMemory request was completed. (0x12B)
[0520/230739.282:WARNING:pe_image_reader.cc(340)] could not read dos header from C:\WINDOWS\SYSTEM32\dhcpcsvc.DLL
[0520/230739.282:ERROR:process_memory_win.cc(73)] ReadMemory at 0x7ffa6b3a0000 of 64 bytes failed: Only part of a ReadProcessMemory or WriteProcessMemory request was completed. (0x12B)
[0520/230739.282:WARNING:pe_image_reader.cc(340)] could not read dos header from C:\WINDOWS\System32\NSI.dll
[0520/230739.282:ERROR:process_memory_win.cc(73)] ReadMemory at 0x7ffa66980000 of 64 bytes failed: Only part of a ReadProcessMemory or WriteProcessMemory request was completed. (0x12B)
[0520/230739.282:WARNING:pe_image_reader.cc(340)] could not read dos header from C:\WINDOWS\SYSTEM32\WINMMBASE.dll
[0520/230739.282:ERROR:process_memory_win.cc(73)] ReadMemory at 0x7ffa6a220000 of 64 bytes failed: Only part of a ReadProcessMemory or WriteProcessMemory request was completed. (0x12B)
[0520/230739.282:WARNING:pe_image_reader.cc(340)] could not read dos header from C:\WINDOWS\System32\cfgmgr32.dll
[0520/230739.282:ERROR:process_memory_win.cc(73)] ReadMemory at 0x7ffa658d0000 of 64 bytes failed: Only part of a ReadProcessMemory or WriteProcessMemory request was completed. (0x12B)
[0520/230739.282:WARNING:pe_image_reader.cc(340)] could not read dos header from C:\WINDOWS\SYSTEM32\PROPSYS.dll
[0520/230739.282:ERROR:process_memory_win.cc(73)] ReadMemory at 0x7ffa6b9d0000 of 64 bytes failed: Only part of a ReadProcessMemory or WriteProcessMemory request was completed. (0x12B)
[0520/230739.282:WARNING:pe_image_reader.cc(340)] could not read dos header from C:\WINDOWS\System32\shcore.dll
[0520/230739.282:ERROR:process_memory_win.cc(73)] ReadMemory at 0x7ffa68f70000 of 64 bytes failed: Only part of a ReadProcessMemory or WriteProcessMemory request was completed. (0x12B)
[0520/230739.282:WARNING:pe_image_reader.cc(340)] could not read dos header from C:\WINDOWS\SYSTEM32\SSPICLI.DLL
[0520/230739.282:ERROR:process_memory_win.cc(73)] ReadMemory at 0x7ffa68ac0000 of 64 bytes failed: Only part of a ReadProcessMemory or WriteProcessMemory request was completed. (0x12B)
[0520/230739.282:WARNING:pe_image_reader.cc(340)] could not read dos header from C:\WINDOWS\SYSTEM32\CRYPTBASE.DLL
[0520/230739.286:ERROR:process_memory_win.cc(73)] ReadMemory at 0x7ff721bc0000 of 64 bytes failed: Only part of a ReadProcessMemory or WriteProcessMemory request was completed. (0x12B)
[0520/230739.286:WARNING:pe_image_reader.cc(340)] could not read dos header from C:\Program Files (x86)\Google\Chrome\Application\chrome.exe
[0520/230739.286:ERROR:process_memory_win.cc(73)] ReadMemory at 0x7ffa6c1c0000 of 64 bytes failed: Only part of a ReadProcessMemory or WriteProcessMemory request was completed. (0x12B)
[0520/230739.286:WARNING:pe_image_reader.cc(340)] could not read dos header from C:\WINDOWS\SYSTEM32\ntdll.dll
[0520/230739.286:ERROR:process_memory_win.cc(73)] ReadMemory at 0x7ffa6b3b0000 of 64 bytes failed: Only part of a ReadProcessMemory or WriteProcessMemory request was completed. (0x12B)
[0520/230739.286:WARNING:pe_image_reader.cc(340)] could not read dos header from C:\WINDOWS\System32\KERNEL32.DLL
[0520/230739.286:ERROR:process_memory_win.cc(73)] ReadMemory at 0x7ffa697c0000 of 64 bytes failed: Only part of a ReadProcessMemory or WriteProcessMemory request was completed. (0x12B)
[0520/230739.286:WARNING:pe_image_reader.cc(340)] could not read dos header from C:\WINDOWS\System32\KERNELBASE.dll
[0520/230739.286:ERROR:process_memory_win.cc(73)] ReadMemory at 0x7ffa4bdc0000 of 64 bytes failed: Only part of a ReadProcessMemory or WriteProcessMemory request was completed. (0x12B)
[0520/230739.286:WARNING:pe_image_reader.cc(340)] could not read dos header from C:\Program Files (x86)\Google\Chrome\Application\81.0.4044.138\chrome_elf.dll
[0520/230739.286:ERROR:process_memory_win.cc(73)] ReadMemory at 0x7ffa61ec0000 of 64 bytes failed: Only part of a ReadProcessMemory or WriteProcessMemory request was completed. (0x12B)
[0520/230739.286:WARNING:pe_image_reader.cc(340)] could not read dos header from C:\WINDOWS\SYSTEM32\VERSION.dll
[0520/230739.286:ERROR:process_memory_win.cc(73)] ReadMemory at 0x7ffa6be00000 of 64 bytes failed: Only part of a ReadProcessMemory or WriteProcessMemory request was completed. (0x12B)
[0520/230739.286:WARNING:pe_image_reader.cc(340)] could not read dos header from C:\WINDOWS\System32\msvcrt.dll
[0520/230739.286:ERROR:process_memory_win.cc(73)] ReadMemory at 0x7ffa69710000 of 64 bytes failed: Only part of a ReadProcessMemory or WriteProcessMemory request was completed. (0x12B)
[0520/230739.286:WARNING:pe_image_reader.cc(340)] could not read dos header from C:\WINDOWS\System32\bcryptPrimitives.dll
[0520/230739.286:ERROR:process_memory_win.cc(73)] ReadMemory at 0x7ffa6b720000 of 64 bytes failed: Only part of a ReadProcessMemory or WriteProcessMemory request was completed. (0x12B)
[0520/230739.286:WARNING:pe_image_reader.cc(340)] could not read dos header from C:\WINDOWS\System32\ADVAPI32.dll
[0520/230739.286:ERROR:process_memory_win.cc(73)] ReadMemory at 0x7ffa6a320000 of 64 bytes failed: Only part of a ReadProcessMemory or WriteProcessMemory request was completed. (0x12B)
[0520/230739.286:WARNING:pe_image_reader.cc(340)] could not read dos header from C:\WINDOWS\System32\sechost.dll
[0520/230739.286:ERROR:process_memory_win.cc(73)] ReadMemory at 0x7ffa6b260000 of 64 bytes failed: Only part of a ReadProcessMemory or WriteProcessMemory request was completed. (0x12B)
[0520/230739.286:WARNING:pe_image_reader.cc(340)] could not read dos header from C:\WINDOWS\System32\RPCRT4.dll
[0520/230739.287:ERROR:process_memory_win.cc(73)] ReadMemory at 0x7ff9f0b00000 of 64 bytes failed: Only part of a ReadProcessMemory or WriteProcessMemory request was completed. (0x12B)
[0520/230739.287:WARNING:pe_image_reader.cc(340)] could not read dos header from C:\Program Files (x86)\Google\Chrome\Application\81.0.4044.138\chrome.dll
[0520/230739.287:ERROR:process_memory_win.cc(73)] ReadMemory at 0x7ffa6bc50000 of 64 bytes failed: Only part of a ReadProcessMemory or WriteProcessMemory request was completed. (0x12B)
[0520/230739.287:WARNING:pe_image_reader.cc(340)] could not read dos header from C:\WINDOWS\System32\WS2_32.dll
[0520/230739.287:ERROR:process_memory_win.cc(73)] ReadMemory at 0x7ffa6b7d0000 of 64 bytes failed: Only part of a ReadProcessMemory or WriteProcessMemory request was completed. (0x12B)
[0520/230739.287:WARNING:pe_image_reader.cc(340)] could not read dos header from C:\WINDOWS\System32\OLEAUT32.dll
[0520/230739.287:ERROR:process_memory_win.cc(73)] ReadMemory at 0x7ffa69650000 of 64 bytes failed: Only part of a ReadProcessMemory or WriteProcessMemory request was completed. (0x12B)
[0520/230739.287:WARNING:pe_image_reader.cc(340)] could not read dos header from C:\WINDOWS\System32\msvcp_win.dll
[0520/230739.287:ERROR:process_memory_win.cc(73)] ReadMemory at 0x7ffa69150000 of 64 bytes failed: Only part of a ReadProcessMemory or WriteProcessMemory request was completed. (0x12B)
[0520/230739.287:WARNING:pe_image_reader.cc(340)] could not read dos header from C:\WINDOWS\System32\ucrtbase.dll
[0520/230739.287:ERROR:process_memory_win.cc(73)] ReadMemory at 0x7ffa6a830000 of 64 bytes failed: Only part of a ReadProcessMemory or WriteProcessMemory request was completed. (0x12B)
[0520/230739.287:WARNING:pe_image_reader.cc(340)] could not read dos header from C:\WINDOWS\System32\combase.dll
[0520/230739.287:ERROR:process_memory_win.cc(73)] ReadMemory at 0x7ffa695f0000 of 64 bytes failed: Only part of a ReadProcessMemory or WriteProcessMemory request was completed. (0x12B)
[0520/230739.287:WARNING:pe_image_reader.cc(340)] could not read dos header from C:\WINDOWS\System32\WINTRUST.dll
[0520/230739.287:ERROR:process_memory_win.cc(73)] ReadMemory at 0x7ffa69090000 of 64 bytes failed: Only part of a ReadProcessMemory or WriteProcessMemory request was completed. (0x12B)
[0520/230739.287:WARNING:pe_image_reader.cc(340)] could not read dos header from C:\WINDOWS\System32\MSASN1.dll
[0520/230739.287:ERROR:process_memory_win.cc(73)] ReadMemory at 0x7ffa694a0000 of 64 bytes failed: Only part of a ReadProcessMemory or WriteProcessMemory request was completed. (0x12B)
[0520/230739.287:WARNING:pe_image_reader.cc(340)] could not read dos header from C:\WINDOWS\System32\CRYPT32.dll
[0520/230739.287:ERROR:process_memory_win.cc(73)] ReadMemory at 0x7ffa68600000 of 64 bytes failed: Only part of a ReadProcessMemory or WriteProcessMemory request was completed. (0x12B)
[0520/230739.287:WARNING:pe_image_reader.cc(340)] could not read dos header from C:\WINDOWS\SYSTEM32\IPHLPAPI.DLL
[0520/230739.287:ERROR:process_memory_win.cc(73)] ReadMemory at 0x7ffa66b90000 of 64 bytes failed: Only part of a ReadProcessMemory or WriteProcessMemory request was completed. (0x12B)
[0520/230739.287:WARNING:pe_image_reader.cc(340)] could not read dos header from C:\WINDOWS\SYSTEM32\WINMM.dll
[0520/230739.287:ERROR:process_memory_win.cc(73)] ReadMemory at 0x7ffa57cb0000 of 64 bytes failed: Only part of a ReadProcessMemory or WriteProcessMemory request was completed. (0x12B)
[0520/230739.287:WARNING:pe_image_reader.cc(340)] could not read dos header from C:\WINDOWS\SYSTEM32\Secur32.dll
[0520/230739.287:ERROR:process_memory_win.cc(73)] ReadMemory at 0x7ffa68fa0000 of 64 bytes failed: Only part of a ReadProcessMemory or WriteProcessMemory request was completed. (0x12B)
[0520/230739.287:WARNING:pe_image_reader.cc(340)] could not read dos header from C:\WINDOWS\SYSTEM32\USERENV.dll
[0520/230739.287:ERROR:process_memory_win.cc(73)] ReadMemory at 0x7ffa690d0000 of 64 bytes failed: Only part of a ReadProcessMemory or WriteProcessMemory request was completed. (0x12B)
[0520/230739.287:WARNING:pe_image_reader.cc(340)] could not read dos header from C:\WINDOWS\System32\profapi.dll
[0520/230739.288:ERROR:process_memory_win.cc(73)] ReadMemory at 0x7ffa45060000 of 64 bytes failed: Only part of a ReadProcessMemory or WriteProcessMemory request was completed. (0x12B)
[0520/230739.288:WARNING:pe_image_reader.cc(340)] could not read dos header from C:\WINDOWS\SYSTEM32\UIAutomationCore.DLL
[0520/230739.288:ERROR:process_memory_win.cc(73)] ReadMemory at 0x7ffa4dc30000 of 64 bytes failed: Only part of a ReadProcessMemory or WriteProcessMemory request was completed. (0x12B)
[0520/230739.288:WARNING:pe_image_reader.cc(340)] could not read dos header from C:\WINDOWS\SYSTEM32\DWrite.dll
[0520/230739.288:ERROR:process_memory_win.cc(73)] ReadMemory at 0x7ffa5f8e0000 of 64 bytes failed: Only part of a ReadProcessMemory or WriteProcessMemory request was completed. (0x12B)
[0520/230739.288:WARNING:pe_image_reader.cc(340)] could not read dos header from C:\WINDOWS\SYSTEM32\WINSPOOL.DRV
[0520/230739.288:ERROR:process_memory_win.cc(73)] ReadMemory at 0x7ffa690b0000 of 64 bytes failed: Only part of a ReadProcessMemory or WriteProcessMemory request was completed. (0x12B)
[0520/230739.288:WARNING:pe_image_reader.cc(340)] could not read dos header from C:\WINDOWS\System32\kernel.appcore.dll
[0520/230739.288:ERROR:process_memory_win.cc(73)] ReadMemory at 0x7ffa6a1f0000 of 64 bytes failed: Only part of a ReadProcessMemory or WriteProcessMemory request was completed. (0x12B)
[0520/230739.288:WARNING:pe_image_reader.cc(340)] could not read dos header from C:\WINDOWS\System32\bcrypt.dll
[0520/230739.288:ERROR:process_memory_win.cc(73)] ReadMemory at 0x7ffa558c0000 of 64 bytes failed: Only part of a ReadProcessMemory or WriteProcessMemory request was completed. (0x12B)
[0520/230739.288:WARNING:pe_image_reader.cc(340)] could not read dos header from C:\WINDOWS\SYSTEM32\dbghelp.dll
[0520/230739.288:ERROR:process_memory_win.cc(73)] ReadMemory at 0x7ffa64000000 of 64 bytes failed: Only part of a ReadProcessMemory or WriteProcessMemory request was completed. (0x12B)
[0520/230739.288:WARNING:pe_image_reader.cc(340)] could not read dos header from C:\WINDOWS\SYSTEM32\WINHTTP.dll
[0520/230739.288:ERROR:process_memory_win.cc(73)] ReadMemory at 0x7ffa61ea0000 of 64 bytes failed: Only part of a ReadProcessMemory or WriteProcessMemory request was completed. (0x12B)
[0520/230739.288:WARNING:pe_image_reader.cc(340)] could not read dos header from C:\WINDOWS\SYSTEM32\dhcpcsvc.DLL
[0520/230739.288:ERROR:process_memory_win.cc(73)] ReadMemory at 0x7ffa6b3a0000 of 64 bytes failed: Only part of a ReadProcessMemory or WriteProcessMemory request was completed. (0x12B)
[0520/230739.288:WARNING:pe_image_reader.cc(340)] could not read dos header from C:\WINDOWS\System32\NSI.dll
[0520/230739.288:ERROR:process_memory_win.cc(73)] ReadMemory at 0x7ffa66980000 of 64 bytes failed: Only part of a ReadProcessMemory or WriteProcessMemory request was completed. (0x12B)
[0520/230739.288:WARNING:pe_image_reader.cc(340)] could not read dos header from C:\WINDOWS\SYSTEM32\WINMMBASE.dll
[0520/230739.288:ERROR:process_memory_win.cc(73)] ReadMemory at 0x7ffa6a220000 of 64 bytes failed: Only part of a ReadProcessMemory or WriteProcessMemory request was completed. (0x12B)
[0520/230739.288:WARNING:pe_image_reader.cc(340)] could not read dos header from C:\WINDOWS\System32\cfgmgr32.dll
[0520/230739.288:ERROR:process_memory_win.cc(73)] ReadMemory at 0x7ffa658d0000 of 64 bytes failed: Only part of a ReadProcessMemory or WriteProcessMemory request was completed. (0x12B)
[0520/230739.288:WARNING:pe_image_reader.cc(340)] could not read dos header from C:\WINDOWS\SYSTEM32\PROPSYS.dll
[0520/230739.288:ERROR:process_memory_win.cc(73)] ReadMemory at 0x7ffa6b9d0000 of 64 bytes failed: Only part of a ReadProcessMemory or WriteProcessMemory request was completed. (0x12B)
[0520/230739.288:WARNING:pe_image_reader.cc(340)] could not read dos header from C:\WINDOWS\System32\shcore.dll
[0520/230739.288:ERROR:process_memory_win.cc(73)] ReadMemory at 0x7ffa68f70000 of 64 bytes failed: Only part of a ReadProcessMemory or WriteProcessMemory request was completed. (0x12B)
[0520/230739.288:WARNING:pe_image_reader.cc(340)] could not read dos header from C:\WINDOWS\SYSTEM32\SSPICLI.DLL
[0520/230739.288:ERROR:process_memory_win.cc(73)] ReadMemory at 0x7ffa68ac0000 of 64 bytes failed: Only part of a ReadProcessMemory or WriteProcessMemory request was completed. (0x12B)
[0520/230739.288:WARNING:pe_image_reader.cc(340)] could not read dos header from C:\WINDOWS\SYSTEM32\CRYPTBASE.DLL
[0520/230739.288:ERROR:process_memory_win.cc(73)] ReadMemory at 0x7ff721bc0000 of 64 bytes failed: Only part of a ReadProcessMemory or WriteProcessMemory request was completed. (0x12B)
[0520/230739.288:WARNING:pe_image_reader.cc(340)] could not read dos header from C:\Program Files (x86)\Google\Chrome\Application\chrome.exe
[0520/230739.289:ERROR:process_memory_win.cc(73)] ReadMemory at 0x7ffa6c1c0000 of 64 bytes failed: Only part of a ReadProcessMemory or WriteProcessMemory request was completed. (0x12B)
[0520/230739.289:WARNING:pe_image_reader.cc(340)] could not read dos header from C:\WINDOWS\SYSTEM32\ntdll.dll
[0520/230739.289:ERROR:process_memory_win.cc(73)] ReadMemory at 0x7ffa6b3b0000 of 64 bytes failed: Only part of a ReadProcessMemory or WriteProcessMemory request was completed. (0x12B)
[0520/230739.289:WARNING:pe_image_reader.cc(340)] could not read dos header from C:\WINDOWS\System32\KERNEL32.DLL
[0520/230739.289:ERROR:process_memory_win.cc(73)] ReadMemory at 0x7ffa697c0000 of 64 bytes failed: Only part of a ReadProcessMemory or WriteProcessMemory request was completed. (0x12B)
[0520/230739.289:WARNING:pe_image_reader.cc(340)] could not read dos header from C:\WINDOWS\System32\KERNELBASE.dll
[0520/230739.289:ERROR:process_memory_win.cc(73)] ReadMemory at 0x7ffa4bdc0000 of 64 bytes failed: Only part of a ReadProcessMemory or WriteProcessMemory request was completed. (0x12B)
[0520/230739.289:WARNING:pe_image_reader.cc(340)] could not read dos header from C:\Program Files (x86)\Google\Chrome\Application\81.0.4044.138\chrome_elf.dll
[0520/230739.289:ERROR:process_memory_win.cc(73)] ReadMemory at 0x7ffa61ec0000 of 64 bytes failed: Only part of a ReadProcessMemory or WriteProcessMemory request was completed. (0x12B)
[0520/230739.289:WARNING:pe_image_reader.cc(340)] could not read dos header from C:\WINDOWS\SYSTEM32\VERSION.dll
[0520/230739.289:ERROR:process_memory_win.cc(73)] ReadMemory at 0x7ffa6be00000 of 64 bytes failed: Only part of a ReadProcessMemory or WriteProcessMemory request was completed. (0x12B)
[0520/230739.289:WARNING:pe_image_reader.cc(340)] could not read dos header from C:\WINDOWS\System32\msvcrt.dll
[0520/230739.289:ERROR:process_memory_win.cc(73)] ReadMemory at 0x7ffa69710000 of 64 bytes failed: Only part of a ReadProcessMemory or WriteProcessMemory request was completed. (0x12B)
[0520/230739.289:WARNING:pe_image_reader.cc(340)] could not read dos header from C:\WINDOWS\System32\bcryptPrimitives.dll
[0520/230739.289:ERROR:process_memory_win.cc(73)] ReadMemory at 0x7ffa6b720000 of 64 bytes failed: Only part of a ReadProcessMemory or WriteProcessMemory request was completed. (0x12B)
[0520/230739.289:WARNING:pe_image_reader.cc(340)] could not read dos header from C:\WINDOWS\System32\ADVAPI32.dll
[0520/230739.289:ERROR:process_memory_win.cc(73)] ReadMemory at 0x7ffa6a320000 of 64 bytes failed: Only part of a ReadProcessMemory or WriteProcessMemory request was completed. (0x12B)
[0520/230739.289:WARNING:pe_image_reader.cc(340)] could not read dos header from C:\WINDOWS\System32\sechost.dll
[0520/230739.289:ERROR:process_memory_win.cc(73)] ReadMemory at 0x7ffa6b260000 of 64 bytes failed: Only part of a ReadProcessMemory or WriteProcessMemory request was completed. (0x12B)
[0520/230739.289:WARNING:pe_image_reader.cc(340)] could not read dos header from C:\WINDOWS\System32\RPCRT4.dll
[0520/230739.289:ERROR:process_memory_win.cc(73)] ReadMemory at 0x7ff9f0b00000 of 64 bytes failed: Only part of a ReadProcessMemory or WriteProcessMemory request was completed. (0x12B)
[0520/230739.289:WARNING:pe_image_reader.cc(340)] could not read dos header from C:\Program Files (x86)\Google\Chrome\Application\81.0.4044.138\chrome.dll
[0520/230739.289:ERROR:process_memory_win.cc(73)] ReadMemory at 0x7ffa6bc50000 of 64 bytes failed: Only part of a ReadProcessMemory or WriteProcessMemory request was completed. (0x12B)
[0520/230739.289:WARNING:pe_image_reader.cc(340)] could not read dos header from C:\WINDOWS\System32\WS2_32.dll
[0520/230739.289:ERROR:process_memory_win.cc(73)] ReadMemory at 0x7ffa6b7d0000 of 64 bytes failed: Only part of a ReadProcessMemory or WriteProcessMemory request was completed. (0x12B)
[0520/230739.289:WARNING:pe_image_reader.cc(340)] could not read dos header from C:\WINDOWS\System32\OLEAUT32.dll
[0520/230739.289:ERROR:process_memory_win.cc(73)] ReadMemory at 0x7ffa69650000 of 64 bytes failed: Only part of a ReadProcessMemory or WriteProcessMemory request was completed. (0x12B)
[0520/230739.289:WARNING:pe_image_reader.cc(340)] could not read dos header from C:\WINDOWS\System32\msvcp_win.dll
[0520/230739.289:ERROR:process_memory_win.cc(73)] ReadMemory at 0x7ffa69150000 of 64 bytes failed: Only part of a ReadProcessMemory or WriteProcessMemory request was completed. (0x12B)
[0520/230739.289:WARNING:pe_image_reader.cc(340)] could not read dos header from C:\WINDOWS\System32\ucrtbase.dll
[0520/230739.289:ERROR:process_memory_win.cc(73)] ReadMemory at 0x7ffa6a830000 of 64 bytes failed: Only part of a ReadProcessMemory or WriteProcessMemory request was completed. (0x12B)
[0520/230739.289:WARNING:pe_image_reader.cc(340)] could not read dos header from C:\WINDOWS\System32\combase.dll
[0520/230739.290:ERROR:process_memory_win.cc(73)] ReadMemory at 0x7ffa695f0000 of 64 bytes failed: Only part of a ReadProcessMemory or WriteProcessMemory request was completed. (0x12B)
[0520/230739.290:WARNING:pe_image_reader.cc(340)] could not read dos header from C:\WINDOWS\System32\WINTRUST.dll
[0520/230739.290:ERROR:process_memory_win.cc(73)] ReadMemory at 0x7ffa69090000 of 64 bytes failed: Only part of a ReadProcessMemory or WriteProcessMemory request was completed. (0x12B)
[0520/230739.290:WARNING:pe_image_reader.cc(340)] could not read dos header from C:\WINDOWS\System32\MSASN1.dll
[0520/230739.290:ERROR:process_memory_win.cc(73)] ReadMemory at 0x7ffa694a0000 of 64 bytes failed: Only part of a ReadProcessMemory or WriteProcessMemory request was completed. (0x12B)
[0520/230739.290:WARNING:pe_image_reader.cc(340)] could not read dos header from C:\WINDOWS\System32\CRYPT32.dll
[0520/230739.290:ERROR:process_memory_win.cc(73)] ReadMemory at 0x7ffa68600000 of 64 bytes failed: Only part of a ReadProcessMemory or WriteProcessMemory request was completed. (0x12B)
[0520/230739.290:WARNING:pe_image_reader.cc(340)] could not read dos header from C:\WINDOWS\SYSTEM32\IPHLPAPI.DLL
[0520/230739.290:ERROR:process_memory_win.cc(73)] ReadMemory at 0x7ffa66b90000 of 64 bytes failed: Only part of a ReadProcessMemory or WriteProcessMemory request was completed. (0x12B)
[0520/230739.290:WARNING:pe_image_reader.cc(340)] could not read dos header from C:\WINDOWS\SYSTEM32\WINMM.dll
[0520/230739.290:ERROR:process_memory_win.cc(73)] ReadMemory at 0x7ffa57cb0000 of 64 bytes failed: Only part of a ReadProcessMemory or WriteProcessMemory request was completed. (0x12B)
[0520/230739.290:WARNING:pe_image_reader.cc(340)] could not read dos header from C:\WINDOWS\SYSTEM32\Secur32.dll
[0520/230739.290:ERROR:process_memory_win.cc(73)] ReadMemory at 0x7ffa68fa0000 of 64 bytes failed: Only part of a ReadProcessMemory or WriteProcessMemory request was completed. (0x12B)
[0520/230739.290:WARNING:pe_image_reader.cc(340)] could not read dos header from C:\WINDOWS\SYSTEM32\USERENV.dll
[0520/230739.290:ERROR:process_memory_win.cc(73)] ReadMemory at 0x7ffa690d0000 of 64 bytes failed: Only part of a ReadProcessMemory or WriteProcessMemory request was completed. (0x12B)
[0520/230739.290:WARNING:pe_image_reader.cc(340)] could not read dos header from C:\WINDOWS\System32\profapi.dll
[0520/230739.290:ERROR:process_memory_win.cc(73)] ReadMemory at 0x7ffa45060000 of 64 bytes failed: Only part of a ReadProcessMemory or WriteProcessMemory request was completed. (0x12B)
[0520/230739.290:WARNING:pe_image_reader.cc(340)] could not read dos header from C:\WINDOWS\SYSTEM32\UIAutomationCore.DLL
[0520/230739.290:ERROR:process_memory_win.cc(73)] ReadMemory at 0x7ffa4dc30000 of 64 bytes failed: Only part of a ReadProcessMemory or WriteProcessMemory request was completed. (0x12B)
[0520/230739.290:WARNING:pe_image_reader.cc(340)] could not read dos header from C:\WINDOWS\SYSTEM32\DWrite.dll
[0520/230739.290:ERROR:process_memory_win.cc(73)] ReadMemory at 0x7ffa5f8e0000 of 64 bytes failed: Only part of a ReadProcessMemory or WriteProcessMemory request was completed. (0x12B)
[0520/230739.290:WARNING:pe_image_reader.cc(340)] could not read dos header from C:\WINDOWS\SYSTEM32\WINSPOOL.DRV
[0520/230739.290:ERROR:process_memory_win.cc(73)] ReadMemory at 0x7ffa690b0000 of 64 bytes failed: Only part of a ReadProcessMemory or WriteProcessMemory request was completed. (0x12B)
[0520/230739.290:WARNING:pe_image_reader.cc(340)] could not read dos header from C:\WINDOWS\System32\kernel.appcore.dll
[0520/230739.290:ERROR:process_memory_win.cc(73)] ReadMemory at 0x7ffa6a1f0000 of 64 bytes failed: Only part of a ReadProcessMemory or WriteProcessMemory request was completed. (0x12B)
[0520/230739.290:WARNING:pe_image_reader.cc(340)] could not read dos header from C:\WINDOWS\System32\bcrypt.dll
[0520/230739.290:ERROR:process_memory_win.cc(73)] ReadMemory at 0x7ffa558c0000 of 64 bytes failed: Only part of a ReadProcessMemory or WriteProcessMemory request was completed. (0x12B)
[0520/230739.290:WARNING:pe_image_reader.cc(340)] could not read dos header from C:\WINDOWS\SYSTEM32\dbghelp.dll
[0520/230739.291:ERROR:process_memory_win.cc(73)] ReadMemory at 0x7ffa64000000 of 64 bytes failed: Only part of a ReadProcessMemory or WriteProcessMemory request was completed. (0x12B)
[0520/230739.291:WARNING:pe_image_reader.cc(340)] could not read dos header from C:\WINDOWS\SYSTEM32\WINHTTP.dll
[0520/230739.291:ERROR:process_memory_win.cc(73)] ReadMemory at 0x7ffa61ea0000 of 64 bytes failed: Only part of a ReadProcessMemory or WriteProcessMemory request was completed. (0x12B)
[0520/230739.291:WARNING:pe_image_reader.cc(340)] could not read dos header from C:\WINDOWS\SYSTEM32\dhcpcsvc.DLL
[0520/230739.291:ERROR:process_memory_win.cc(73)] ReadMemory at 0x7ffa6b3a0000 of 64 bytes failed: Only part of a ReadProcessMemory or WriteProcessMemory request was completed. (0x12B)
[0520/230739.291:WARNING:pe_image_reader.cc(340)] could not read dos header from C:\WINDOWS\System32\NSI.dll
[0520/230739.291:ERROR:process_memory_win.cc(73)] ReadMemory at 0x7ffa66980000 of 64 bytes failed: Only part of a ReadProcessMemory or WriteProcessMemory request was completed. (0x12B)
[0520/230739.291:WARNING:pe_image_reader.cc(340)] could not read dos header from C:\WINDOWS\SYSTEM32\WINMMBASE.dll
[0520/230739.291:ERROR:process_memory_win.cc(73)] ReadMemory at 0x7ffa6a220000 of 64 bytes failed: Only part of a ReadProcessMemory or WriteProcessMemory request was completed. (0x12B)
[0520/230739.291:WARNING:pe_image_reader.cc(340)] could not read dos header from C:\WINDOWS\System32\cfgmgr32.dll
[0520/230739.291:ERROR:process_memory_win.cc(73)] ReadMemory at 0x7ffa658d0000 of 64 bytes failed: Only part of a ReadProcessMemory or WriteProcessMemory request was completed. (0x12B)
[0520/230739.291:WARNING:pe_image_reader.cc(340)] could not read dos header from C:\WINDOWS\SYSTEM32\PROPSYS.dll
[0520/230739.291:ERROR:process_memory_win.cc(73)] ReadMemory at 0x7ffa6b9d0000 of 64 bytes failed: Only part of a ReadProcessMemory or WriteProcessMemory request was completed. (0x12B)
[0520/230739.291:WARNING:pe_image_reader.cc(340)] could not read dos header from C:\WINDOWS\System32\shcore.dll
[0520/230739.291:ERROR:process_memory_win.cc(73)] ReadMemory at 0x7ffa68f70000 of 64 bytes failed: Only part of a ReadProcessMemory or WriteProcessMemory request was completed. (0x12B)
[0520/230739.291:WARNING:pe_image_reader.cc(340)] could not read dos header from C:\WINDOWS\SYSTEM32\SSPICLI.DLL
[0520/230739.291:ERROR:process_memory_win.cc(73)] ReadMemory at 0x7ffa68ac0000 of 64 bytes failed: Only part of a ReadProcessMemory or WriteProcessMemory request was completed. (0x12B)
[0520/230739.291:WARNING:pe_image_reader.cc(340)] could not read dos header from C:\WINDOWS\SYSTEM32\CRYPTBASE.DLL
[0520/230739.300:ERROR:process_memory_win.cc(73)] ReadMemory at 0x92601ea000 of 90112 bytes failed: Only part of a ReadProcessMemory or WriteProcessMemory request was completed. (0x12B)
[0520/230739.301:ERROR:process_memory_win.cc(73)] ReadMemory at 0x92609fd000 of 12288 bytes failed: Only part of a ReadProcessMemory or WriteProcessMemory request was completed. (0x12B)
[0520/230739.301:ERROR:process_memory_win.cc(73)] ReadMemory at 0x92611fc000 of 16384 bytes failed: Only part of a ReadProcessMemory or WriteProcessMemory request was completed. (0x12B)
[0520/230739.302:ERROR:process_memory_win.cc(73)] ReadMemory at 0x92619fd000 of 12288 bytes failed: Only part of a ReadProcessMemory or WriteProcessMemory request was completed. (0x12B)
[0520/230739.302:ERROR:process_memory_win.cc(73)] ReadMemory at 0x92621fb000 of 20480 bytes failed: Only part of a ReadProcessMemory or WriteProcessMemory request was completed. (0x12B)
[0520/230739.302:ERROR:process_memory_win.cc(73)] ReadMemory at 0x92629ff000 of 4096 bytes failed: Only part of a ReadProcessMemory or WriteProcessMemory request was completed. (0x12B)
[0520/230739.302:ERROR:process_memory_win.cc(73)] ReadMemory at 0x92631fd000 of 12288 bytes failed: Only part of a ReadProcessMemory or WriteProcessMemory request was completed. (0x12B)
[0520/230739.302:ERROR:process_memory_win.cc(73)] ReadMemory at 0x92639fb000 of 20480 bytes failed: Only part of a ReadProcessMemory or WriteProcessMemory request was completed. (0x12B)
[0520/230739.302:ERROR:process_memory_win.cc(73)] ReadMemory at 0x92649fd000 of 12288 bytes failed: Only part of a ReadProcessMemory or WriteProcessMemory request was completed. (0x12B)
[0520/230739.302:ERROR:process_memory_win.cc(73)] ReadMemory at 0x92641fd000 of 12288 bytes failed: Only part of a ReadProcessMemory or WriteProcessMemory request was completed. (0x12B)
[0520/230739.302:ERROR:process_memory_win.cc(73)] ReadMemory at 0x92651fb000 of 20480 bytes failed: Only part of a ReadProcessMemory or WriteProcessMemory request was completed. (0x12B)
[0520/230739.302:ERROR:process_memory_win.cc(73)] ReadMemory at 0x92659fb000 of 20480 bytes failed: Only part of a ReadProcessMemory or WriteProcessMemory request was completed. (0x12B)
[0520/230739.302:ERROR:process_memory_win.cc(73)] ReadMemory at 0x92661fd000 of 12288 bytes failed: Only part of a ReadProcessMemory or WriteProcessMemory request was completed. (0x12B)
[0520/230739.302:ERROR:process_memory_win.cc(73)] ReadMemory at 0x92669fd000 of 12288 bytes failed: Only part of a ReadProcessMemory or WriteProcessMemory request was completed. (0x12B)
[0520/230739.303:ERROR:process_memory_win.cc(73)] ReadMemory at 0x92671fd000 of 12288 bytes failed: Only part of a ReadProcessMemory or WriteProcessMemory request was completed. (0x12B)
[0520/230739.303:ERROR:process_memory_win.cc(73)] ReadMemory at 0x925f8e5000 of 852 bytes failed: Only part of a ReadProcessMemory or WriteProcessMemory request was completed. (0x12B)
[0520/230739.303:ERROR:process_memory_win.cc(73)] ReadMemory at 0x925f8e6000 of 6024 bytes failed: Only part of a ReadProcessMemory or WriteProcessMemory request was completed. (0x12B)
[0520/230739.303:ERROR:process_memory_win.cc(73)] ReadMemory at 0x925f8e8000 of 6024 bytes failed: Only part of a ReadProcessMemory or WriteProcessMemory request was completed. (0x12B)
[0520/230739.303:ERROR:process_memory_win.cc(73)] ReadMemory at 0x925f8ea000 of 6024 bytes failed: Only part of a ReadProcessMemory or WriteProcessMemory request was completed. (0x12B)
[0520/230739.303:ERROR:process_memory_win.cc(73)] ReadMemory at 0x925f8ec000 of 6024 bytes failed: Only part of a ReadProcessMemory or WriteProcessMemory request was completed. (0x12B)
[0520/230739.303:ERROR:process_memory_win.cc(73)] ReadMemory at 0x925f8ee000 of 6024 bytes failed: Only part of a ReadProcessMemory or WriteProcessMemory request was completed. (0x12B)
[0520/230739.303:ERROR:process_memory_win.cc(73)] ReadMemory at 0x925f8f0000 of 6024 bytes failed: Only part of a ReadProcessMemory or WriteProcessMemory request was completed. (0x12B)
[0520/230739.303:ERROR:process_memory_win.cc(73)] ReadMemory at 0x925f8f2000 of 6024 bytes failed: Only part of a ReadProcessMemory or WriteProcessMemory request was completed. (0x12B)
[0520/230739.303:ERROR:process_memory_win.cc(73)] ReadMemory at 0x925f8f4000 of 6024 bytes failed: Only part of a ReadProcessMemory or WriteProcessMemory request was completed. (0x12B)
[0520/230739.304:ERROR:process_memory_win.cc(73)] ReadMemory at 0x925f8f6000 of 6024 bytes failed: Only part of a ReadProcessMemory or WriteProcessMemory request was completed. (0x12B)
[0520/230739.304:ERROR:process_memory_win.cc(73)] ReadMemory at 0x925f8f8000 of 6024 bytes failed: Only part of a ReadProcessMemory or WriteProcessMemory request was completed. (0x12B)
[0520/230739.304:ERROR:process_memory_win.cc(73)] ReadMemory at 0x925f8fa000 of 6024 bytes failed: Only part of a ReadProcessMemory or WriteProcessMemory request was completed. (0x12B)
[0520/230739.304:ERROR:process_memory_win.cc(73)] ReadMemory at 0x925f8fc000 of 6024 bytes failed: Only part of a ReadProcessMemory or WriteProcessMemory request was completed. (0x12B)
[0520/230739.304:ERROR:process_memory_win.cc(73)] ReadMemory at 0x925f8fe000 of 6024 bytes failed: Only part of a ReadProcessMemory or WriteProcessMemory request was completed. (0x12B)
[0520/230739.304:ERROR:process_memory_win.cc(73)] ReadMemory at 0x925f900000 of 6024 bytes failed: Only part of a ReadProcessMemory or WriteProcessMemory request was completed. (0x12B)
[0520/230739.304:ERROR:process_memory_win.cc(73)] ReadMemory at 0x925f902000 of 6024 bytes failed: Only part of a ReadProcessMemory or WriteProcessMemory request was completed. (0x12B)
[0520/230739.304:ERROR:process_memory_win.cc(73)] ReadMemory at 0x1b8a7e20fe0 of 5288 bytes failed: Only part of a ReadProcessMemory or WriteProcessMemory request was completed. (0x12B)
[0520/230739.304:ERROR:process_memory_win.cc(73)] ReadMemory at 0x1b8a7e22490 of 1012 bytes failed: Only part of a ReadProcessMemory or WriteProcessMemory request was completed. (0x12B)
[0520/230739.304:ERROR:process_memory_win.cc(73)] ReadMemory at 0x1b8a7e22ad8 of 118 bytes failed: Only part of a ReadProcessMemory or WriteProcessMemory request was completed. (0x12B)
[0520/230739.304:ERROR:process_memory_win.cc(73)] ReadMemory at 0x1b8a7e22b50 of 886 bytes failed: Only part of a ReadProcessMemory or WriteProcessMemory request was completed. (0x12B)
[0520/230739.304:ERROR:process_memory_win.cc(73)] ReadMemory at 0x1b8a7e22ec8 of 118 bytes failed: Only part of a ReadProcessMemory or WriteProcessMemory request was completed. (0x12B)
[0520/230739.305:ERROR:process_memory_win.cc(73)] ReadMemory at 0x1b8a7e22f40 of 96 bytes failed: Only part of a ReadProcessMemory or WriteProcessMemory request was completed. (0x12B)
[0520/230739.305:ERROR:process_memory_win.cc(73)] ReadMemory at 0x1b8a7e22fb0 of 58 bytes failed: Only part of a ReadProcessMemory or WriteProcessMemory request was completed. (0x12B)
[0520/230739.305:ERROR:process_memory_win.cc(73)] ReadMemory at 0x1b8a7e230b0 of 132 bytes failed: Only part of a ReadProcessMemory or WriteProcessMemory request was completed. (0x12B)
[0520/230739.305:ERROR:process_memory_win.cc(73)] ReadMemory at 0x1b8a7e23240 of 132 bytes failed: Only part of a ReadProcessMemory or WriteProcessMemory request was completed. (0x12B)
[0520/230739.305:ERROR:process_memory_win.cc(73)] ReadMemory at 0x1b8a7e23400 of 126 bytes failed: Only part of a ReadProcessMemory or WriteProcessMemory request was completed. (0x12B)
[0520/230739.305:ERROR:process_memory_win.cc(73)] ReadMemory at 0x1b8a7e237e0 of 132 bytes failed: Only part of a ReadProcessMemory or WriteProcessMemory request was completed. (0x12B)
[0520/230739.305:ERROR:process_memory_win.cc(73)] ReadMemory at 0x1b8a7e23970 of 64 bytes failed: Only part of a ReadProcessMemory or WriteProcessMemory request was completed. (0x12B)
[0520/230739.305:ERROR:process_memory_win.cc(73)] ReadMemory at 0x1b8a7e239c0 of 132 bytes failed: Only part of a ReadProcessMemory or WriteProcessMemory request was completed. (0x12B)
[0520/230739.305:ERROR:process_memory_win.cc(73)] ReadMemory at 0x1b8a7e23b30 of 132 bytes failed: Only part of a ReadProcessMemory or WriteProcessMemory request was completed. (0x12B)
[0520/230739.305:ERROR:process_memory_win.cc(73)] ReadMemory at 0x1b8a7e23dd0 of 132 bytes failed: Only part of a ReadProcessMemory or WriteProcessMemory request was completed. (0x12B)
[0520/230739.305:ERROR:process_memory_win.cc(73)] ReadMemory at 0x1b8a7e23f60 of 68 bytes failed: Only part of a ReadProcessMemory or WriteProcessMemory request was completed. (0x12B)
[0520/230739.305:ERROR:process_memory_win.cc(73)] ReadMemory at 0x1b8a7e24fd0 of 146 bytes failed: Only part of a ReadProcessMemory or WriteProcessMemory request was completed. (0x12B)
[0520/230739.305:ERROR:process_memory_win.cc(73)] ReadMemory at 0x1b8a7e250b0 of 132 bytes failed: Only part of a ReadProcessMemory or WriteProcessMemory request was completed. (0x12B)
[0520/230739.305:ERROR:process_memory_win.cc(73)] ReadMemory at 0x1b8a7e251e0 of 154 bytes failed: Only part of a ReadProcessMemory or WriteProcessMemory request was completed. (0x12B)
[0520/230739.306:ERROR:process_memory_win.cc(73)] ReadMemory at 0x1b8a7e26180 of 132 bytes failed: Only part of a ReadProcessMemory or WriteProcessMemory request was completed. (0x12B)
[0520/230739.306:ERROR:process_memory_win.cc(73)] ReadMemory at 0x1b8a7e26e60 of 60 bytes failed: Only part of a ReadProcessMemory or WriteProcessMemory request was completed. (0x12B)
[0520/230739.306:ERROR:process_memory_win.cc(73)] ReadMemory at 0x1b8a7e26f00 of 62 bytes failed: Only part of a ReadProcessMemory or WriteProcessMemory request was completed. (0x12B)
[0520/230739.306:ERROR:process_memory_win.cc(73)] ReadMemory at 0x1b8a7e2703c of 512 bytes failed: Only part of a ReadProcessMemory or WriteProcessMemory request was completed. (0x12B)
[0520/230739.306:ERROR:process_memory_win.cc(73)] ReadMemory at 0x1b8a7e27dd0 of 132 bytes failed: Only part of a ReadProcessMemory or WriteProcessMemory request was completed. (0x12B)
[0520/230739.306:ERROR:process_memory_win.cc(73)] ReadMemory at 0x1b8a7e27fe0 of 132 bytes failed: Only part of a ReadProcessMemory or WriteProcessMemory request was completed. (0x12B)
[0520/230739.306:ERROR:process_memory_win.cc(73)] ReadMemory at 0x1b8a7e2ab20 of 132 bytes failed: Only part of a ReadProcessMemory or WriteProcessMemory request was completed. (0x12B)
[0520/230739.306:ERROR:process_memory_win.cc(73)] ReadMemory at 0x1b8a7e2ac50 of 132 bytes failed: Only part of a ReadProcessMemory or WriteProcessMemory request was completed. (0x12B)
[0520/230739.306:ERROR:process_memory_win.cc(73)] ReadMemory at 0x1b8a7e2ade0 of 80 bytes failed: Only part of a ReadProcessMemory or WriteProcessMemory request was completed. (0x12B)
[0520/230739.306:ERROR:process_memory_win.cc(73)] ReadMemory at 0x1b8a7e2af80 of 64 bytes failed: Only part of a ReadProcessMemory or WriteProcessMemory request was completed. (0x12B)
[0520/230739.306:ERROR:process_memory_win.cc(73)] ReadMemory at 0x1b8a7e2b160 of 60 bytes failed: Only part of a ReadProcessMemory or WriteProcessMemory request was completed. (0x12B)
[0520/230739.307:ERROR:process_memory_win.cc(73)] ReadMemory at 0x1b8a7e2b1b0 of 60 bytes failed: Only part of a ReadProcessMemory or WriteProcessMemory request was completed. (0x12B)
[0520/230739.307:ERROR:process_memory_win.cc(73)] ReadMemory at 0x1b8a7e2b200 of 62 bytes failed: Only part of a ReadProcessMemory or WriteProcessMemory request was completed. (0x12B)
[0520/230739.307:ERROR:process_memory_win.cc(73)] ReadMemory at 0x1b8a7e2b340 of 66 bytes failed: Only part of a ReadProcessMemory or WriteProcessMemory request was completed. (0x12B)
[0520/230739.307:ERROR:process_memory_win.cc(73)] ReadMemory at 0x1b8a7e2b390 of 64 bytes failed: Only part of a ReadProcessMemory or WriteProcessMemory request was completed. (0x12B)
[0520/230739.307:ERROR:process_memory_win.cc(73)] ReadMemory at 0x1b8a7e2b570 of 64 bytes failed: Only part of a ReadProcessMemory or WriteProcessMemory request was completed. (0x12B)
[0520/230739.307:ERROR:process_memory_win.cc(73)] ReadMemory at 0x1b8a7e2b5c0 of 62 bytes failed: Only part of a ReadProcessMemory or WriteProcessMemory request was completed. (0x12B)
[0520/230739.307:ERROR:process_memory_win.cc(73)] ReadMemory at 0x1b8a7e2b6b0 of 64 bytes failed: Only part of a ReadProcessMemory or WriteProcessMemory request was completed. (0x12B)
[0520/230739.307:ERROR:process_memory_win.cc(73)] ReadMemory at 0x1b8a7e2bb90 of 132 bytes failed: Only part of a ReadProcessMemory or WriteProcessMemory request was completed. (0x12B)
[0520/230739.307:ERROR:process_memory_win.cc(73)] ReadMemory at 0x1b8a7e2bcc0 of 132 bytes failed: Only part of a ReadProcessMemory or WriteProcessMemory request was completed. (0x12B)
[0520/230739.307:ERROR:process_memory_win.cc(73)] ReadMemory at 0x1b8a7e2bdf0 of 132 bytes failed: Only part of a ReadProcessMemory or WriteProcessMemory request was completed. (0x12B)
[0520/230739.307:ERROR:process_memory_win.cc(73)] ReadMemory at 0x1b8a7e2bf20 of 132 bytes failed: Only part of a ReadProcessMemory or WriteProcessMemory request was completed. (0x12B)
[0520/230739.307:ERROR:process_memory_win.cc(73)] ReadMemory at 0x1b8a7e2c050 of 132 bytes failed: Only part of a ReadProcessMemory or WriteProcessMemory request was completed. (0x12B)
[0520/230739.307:ERROR:process_memory_win.cc(73)] ReadMemory at 0x1b8a7e2c180 of 132 bytes failed: Only part of a ReadProcessMemory or WriteProcessMemory request was completed. (0x12B)
[0520/230739.307:ERROR:process_memory_win.cc(73)] ReadMemory at 0x1b8a7e2c3e0 of 132 bytes failed: Only part of a ReadProcessMemory or WriteProcessMemory request was completed. (0x12B)
[0520/230739.307:ERROR:process_memory_win.cc(73)] ReadMemory at 0x1b8a7e2c510 of 132 bytes failed: Only part of a ReadProcessMemory or WriteProcessMemory request was completed. (0x12B)
[0520/230739.307:ERROR:process_memory_win.cc(73)] ReadMemory at 0x1b8a7e2c640 of 132 bytes failed: Only part of a ReadProcessMemory or WriteProcessMemory request was completed. (0x12B)
[0520/230739.308:ERROR:process_memory_win.cc(73)] ReadMemory at 0x1b8a7e2c770 of 132 bytes failed: Only part of a ReadProcessMemory or WriteProcessMemory request was completed. (0x12B)
[0520/230739.308:ERROR:process_memory_win.cc(73)] ReadMemory at 0x1b8a7e2c8a0 of 132 bytes failed: Only part of a ReadProcessMemory or WriteProcessMemory request was completed. (0x12B)
[0520/230739.308:ERROR:process_memory_win.cc(73)] ReadMemory at 0x1b8a7e2c9d0 of 132 bytes failed: Only part of a ReadProcessMemory or WriteProcessMemory request was completed. (0x12B)
[0520/230739.308:ERROR:process_memory_win.cc(73)] ReadMemory at 0x1b8a7e2e400 of 132 bytes failed: Only part of a ReadProcessMemory or WriteProcessMemory request was completed. (0x12B)
[0520/230739.308:ERROR:process_memory_win.cc(73)] ReadMemory at 0x1b8a7e2f4f0 of 132 bytes failed: Only part of a ReadProcessMemory or WriteProcessMemory request was completed. (0x12B)
[0520/230739.308:ERROR:process_memory_win.cc(73)] ReadMemory at 0x1b8a7e2f710 of 132 bytes failed: Only part of a ReadProcessMemory or WriteProcessMemory request was completed. (0x12B)
[0520/230739.308:ERROR:process_memory_win.cc(73)] ReadMemory at 0x1b8a7e2f930 of 132 bytes failed: Only part of a ReadProcessMemory or WriteProcessMemory request was completed. (0x12B)
[0520/230739.308:ERROR:process_memory_win.cc(73)] ReadMemory at 0x1b8a7e30b40 of 54 bytes failed: Only part of a ReadProcessMemory or WriteProcessMemory request was completed. (0x12B)
[0520/230739.308:ERROR:process_memory_win.cc(73)] ReadMemory at 0x1b8a7e32d70 of 132 bytes failed: Only part of a ReadProcessMemory or WriteProcessMemory request was completed. (0x12B)
[0520/230739.308:ERROR:process_memory_win.cc(73)] ReadMemory at 0x1b8a7e35540 of 76 bytes failed: Only part of a ReadProcessMemory or WriteProcessMemory request was completed. (0x12B)
[0520/230739.308:ERROR:process_memory_win.cc(73)] ReadMemory at 0x1b8a7e36140 of 80 bytes failed: Only part of a ReadProcessMemory or WriteProcessMemory request was completed. (0x12B)
[0520/230739.308:ERROR:process_memory_win.cc(73)] ReadMemory at 0x1b8a7e36480 of 62 bytes failed: Only part of a ReadProcessMemory or WriteProcessMemory request was completed. (0x12B)
[0520/230739.308:ERROR:process_memory_win.cc(73)] ReadMemory at 0x1b8a7e36520 of 64 bytes failed: Only part of a ReadProcessMemory or WriteProcessMemory request was completed. (0x12B)
[0520/230739.308:ERROR:process_memory_win.cc(73)] ReadMemory at 0x1b8a7e36570 of 64 bytes failed: Only part of a ReadProcessMemory or WriteProcessMemory request was completed. (0x12B)
[0520/230739.308:ERROR:process_memory_win.cc(73)] ReadMemory at 0x1b8a7e365c0 of 60 bytes failed: Only part of a ReadProcessMemory or WriteProcessMemory request was completed. (0x12B)
[0520/230739.308:ERROR:process_memory_win.cc(73)] ReadMemory at 0x1b8a7e36750 of 62 bytes failed: Only part of a ReadProcessMemory or WriteProcessMemory request was completed. (0x12B)
[0520/230739.309:ERROR:process_memory_win.cc(73)] ReadMemory at 0x1b8a7e368e0 of 60 bytes failed: Only part of a ReadProcessMemory or WriteProcessMemory request was completed. (0x12B)
[0520/230739.309:ERROR:process_memory_win.cc(73)] ReadMemory at 0x1b8a7e36d40 of 62 bytes failed: Only part of a ReadProcessMemory or WriteProcessMemory request was completed. (0x12B)
[0520/230739.309:ERROR:process_memory_win.cc(73)] ReadMemory at 0x1b8a7e36e30 of 62 bytes failed: Only part of a ReadProcessMemory or WriteProcessMemory request was completed. (0x12B)
[0520/230739.309:ERROR:process_memory_win.cc(73)] ReadMemory at 0x1b8a7e36ed0 of 62 bytes failed: Only part of a ReadProcessMemory or WriteProcessMemory request was completed. (0x12B)
[0520/230739.309:ERROR:process_memory_win.cc(73)] ReadMemory at 0x1b8a7e36f70 of 62 bytes failed: Only part of a ReadProcessMemory or WriteProcessMemory request was completed. (0x12B)
[0520/230739.309:ERROR:process_memory_win.cc(73)] ReadMemory at 0x1b8a7e37010 of 60 bytes failed: Only part of a ReadProcessMemory or WriteProcessMemory request was completed. (0x12B)
[0520/230739.309:ERROR:process_memory_win.cc(73)] ReadMemory at 0x1b8a7e370b0 of 66 bytes failed: Only part of a ReadProcessMemory or WriteProcessMemory request was completed. (0x12B)
[0520/230739.309:ERROR:process_memory_win.cc(73)] ReadMemory at 0x1b8a7e37150 of 60 bytes failed: Only part of a ReadProcessMemory or WriteProcessMemory request was completed. (0x12B)
[0520/230739.309:ERROR:process_memory_win.cc(73)] ReadMemory at 0x1b8a7e371a0 of 62 bytes failed: Only part of a ReadProcessMemory or WriteProcessMemory request was completed. (0x12B)
[0520/230739.309:ERROR:process_memory_win.cc(73)] ReadMemory at 0x1b8a7e37240 of 62 bytes failed: Only part of a ReadProcessMemory or WriteProcessMemory request was completed. (0x12B)
[0520/230739.309:ERROR:process_memory_win.cc(73)] ReadMemory at 0x1b8a7e37290 of 64 bytes failed: Only part of a ReadProcessMemory or WriteProcessMemory request was completed. (0x12B)
[0520/230739.309:ERROR:process_memory_win.cc(73)] ReadMemory at 0x1b8a7e37330 of 58 bytes failed: Only part of a ReadProcessMemory or WriteProcessMemory request was completed. (0x12B)
[0520/230739.309:ERROR:process_memory_win.cc(73)] ReadMemory at 0x1b8a7e37380 of 64 bytes failed: Only part of a ReadProcessMemory or WriteProcessMemory request was completed. (0x12B)
[0520/230739.309:ERROR:process_memory_win.cc(73)] ReadMemory at 0x1b8a7e37d20 of 132 bytes failed: Only part of a ReadProcessMemory or WriteProcessMemory request was completed. (0x12B)
[0520/230739.309:ERROR:process_memory_win.cc(73)] ReadMemory at 0x1b8a7e37e50 of 132 bytes failed: Only part of a ReadProcessMemory or WriteProcessMemory request was completed. (0x12B)
[0520/230739.309:ERROR:process_memory_win.cc(73)] ReadMemory at 0x1b8a7e37f80 of 132 bytes failed: Only part of a ReadProcessMemory or WriteProcessMemory request was completed. (0x12B)
[0520/230739.309:ERROR:process_memory_win.cc(73)] ReadMemory at 0x1b8a7e380b0 of 132 bytes failed: Only part of a ReadProcessMemory or WriteProcessMemory request was completed. (0x12B)
[0520/230739.310:ERROR:process_memory_win.cc(73)] ReadMemory at 0x1b8a7e38310 of 132 bytes failed: Only part of a ReadProcessMemory or WriteProcessMemory request was completed. (0x12B)
[0520/230739.310:ERROR:process_memory_win.cc(73)] ReadMemory at 0x1b8a7e38440 of 132 bytes failed: Only part of a ReadProcessMemory or WriteProcessMemory request was completed. (0x12B)
[0520/230739.310:ERROR:process_memory_win.cc(73)] ReadMemory at 0x1b8a7e38570 of 132 bytes failed: Only part of a ReadProcessMemory or WriteProcessMemory request was completed. (0x12B)
[0520/230739.310:ERROR:process_memory_win.cc(73)] ReadMemory at 0x1b8a7e38c90 of 132 bytes failed: Only part of a ReadProcessMemory or WriteProcessMemory request was completed. (0x12B)
[0520/230739.310:ERROR:process_memory_win.cc(73)] ReadMemory at 0x1b8a7e39150 of 132 bytes failed: Only part of a ReadProcessMemory or WriteProcessMemory request was completed. (0x12B)
[0520/230739.310:ERROR:process_memory_win.cc(73)] ReadMemory at 0x1b8a7e39740 of 132 bytes failed: Only part of a ReadProcessMemory or WriteProcessMemory request was completed. (0x12B)
[0520/230739.310:ERROR:process_memory_win.cc(73)] ReadMemory at 0x1b8a7e4ec60 of 512 bytes failed: Only part of a ReadProcessMemory or WriteProcessMemory request was completed. (0x12B)
[0520/230739.310:ERROR:process_memory_win.cc(73)] ReadMemory at 0x1b8a7e4faa0 of 512 bytes failed: Only part of a ReadProcessMemory or WriteProcessMemory request was completed. (0x12B)
[0520/230739.310:ERROR:process_memory_win.cc(73)] ReadMemory at 0x1b8a8411000 of 512 bytes failed: Only part of a ReadProcessMemory or WriteProcessMemory request was completed. (0x12B)
[0520/230739.310:ERROR:process_memory_win.cc(73)] ReadMemory at 0x1b8a8412740 of 512 bytes failed: Only part of a ReadProcessMemory or WriteProcessMemory request was completed. (0x12B)
[0520/230739.310:ERROR:process_memory_win.cc(73)] ReadMemory at 0x1b8a85b1670 of 608 bytes failed: Only part of a ReadProcessMemory or WriteProcessMemory request was completed. (0x12B)
[0520/230739.310:ERROR:process_memory_win.cc(73)] ReadMemory at 0x1b8a85b9f03 of 512 bytes failed: Only part of a ReadProcessMemory or WriteProcessMemory request was completed. (0x12B)
[0520/230739.310:ERROR:process_memory_win.cc(73)] ReadMemory at 0x1b8a85c1c00 of 512 bytes failed: Only part of a ReadProcessMemory or WriteProcessMemory request was completed. (0x12B)
[0520/230739.310:ERROR:process_memory_win.cc(73)] ReadMemory at 0x1b8a85e2940 of 712 bytes failed: Only part of a ReadProcessMemory or WriteProcessMemory request was completed. (0x12B)
[0520/230739.310:ERROR:process_memory_win.cc(73)] ReadMemory at 0x1b8a9c25230 of 512 bytes failed: Only part of a ReadProcessMemory or WriteProcessMemory request was completed. (0x12B)
[0520/230739.310:ERROR:process_memory_win.cc(73)] ReadMemory at 0x1b8aa13a1c8 of 512 bytes failed: Only part of a ReadProcessMemory or WriteProcessMemory request was completed. (0x12B)
[0520/230739.310:ERROR:process_memory_win.cc(73)] ReadMemory at 0x1b8aa3bbc40 of 512 bytes failed: Only part of a ReadProcessMemory or WriteProcessMemory request was completed. (0x12B)
[0520/230739.310:ERROR:process_memory_win.cc(73)] ReadMemory at 0x1b8aa4174e0 of 512 bytes failed: Only part of a ReadProcessMemory or WriteProcessMemory request was completed. (0x12B)
[0520/230739.311:ERROR:process_memory_win.cc(73)] ReadMemory at 0x1b8aa4543a8 of 512 bytes failed: Only part of a ReadProcessMemory or WriteProcessMemory request was completed. (0x12B)
[0520/230739.311:ERROR:process_memory_win.cc(73)] ReadMemory at 0x1b8aa762b00 of 520 bytes failed: Only part of a ReadProcessMemory or WriteProcessMemory request was completed. (0x12B)
[0520/230739.311:ERROR:process_memory_win.cc(73)] ReadMemory at 0x110400000000 of 384 bytes failed: Only part of a ReadProcessMemory or WriteProcessMemory request was completed. (0x12B)
[0520/230739.311:ERROR:process_memory_win.cc(73)] ReadMemory at 0x11040832863d of 512 bytes failed: Only part of a ReadProcessMemory or WriteProcessMemory request was completed. (0x12B)
[0520/230739.311:ERROR:process_memory_win.cc(73)] ReadMemory at 0x1f84afd9ed80 of 512 bytes failed: Only part of a ReadProcessMemory or WriteProcessMemory request was completed. (0x12B)
[0520/230739.311:ERROR:process_memory_win.cc(73)] ReadMemory at 0x1f84afda70eb of 512 bytes failed: Only part of a ReadProcessMemory or WriteProcessMemory request was completed. (0x12B)
[0520/230739.311:ERROR:process_memory_win.cc(73)] ReadMemory at 0x7ff9f19b3b9d of 512 bytes failed: Only part of a ReadProcessMemory or WriteProcessMemory request was completed. (0x12B)
[0520/230739.311:ERROR:process_memory_win.cc(73)] ReadMemory at 0x7ff9f3251867 of 512 bytes failed: Only part of a ReadProcessMemory or WriteProcessMemory request was completed. (0x12B)
[0520/230739.311:ERROR:process_memory_win.cc(73)] ReadMemory at 0x7ff9f8075c88 of 512 bytes failed: Only part of a ReadProcessMemory or WriteProcessMemory request was completed. (0x12B)
[0520/230739.311:ERROR:process_memory_win.cc(73)] ReadMemory at 0x7ffa697fa719 of 512 bytes failed: Only part of a ReadProcessMemory or WriteProcessMemory request was completed. (0x12B)
[0520/230739.311:ERROR:process_memory_win.cc(73)] ReadMemory at 0x7ffa69a2c6e0 of 512 bytes failed: Only part of a ReadProcessMemory or WriteProcessMemory request was completed. (0x12B)
[0520/230739.311:ERROR:process_memory_win.cc(73)] ReadMemory at 0x7ffa6c25c074 of 672 bytes failed: Only part of a ReadProcessMemory or WriteProcessMemory request was completed. (0x12B)
[0520/230739.312:ERROR:process_memory_win.cc(73)] ReadMemory at 0x7ffa6c25c674 of 512 bytes failed: Only part of a ReadProcessMemory or WriteProcessMemory request was completed. (0x12B)
[0520/230739.312:ERROR:process_memory_win.cc(73)] ReadMemory at 0x7ffa6c25f924 of 608 bytes failed: Only part of a ReadProcessMemory or WriteProcessMemory request was completed. (0x12B)
[0520/230739.312:ERROR:process_memory_win.cc(73)] ReadMemory at 0x7ffa6c2ec428 of 18 bytes failed: Only part of a ReadProcessMemory or WriteProcessMemory request was completed. (0x12B)
[0520/230739.312:ERROR:process_memory_win.cc(73)] ReadMemory at 0x7ffa6c31f4f8 of 40 bytes failed: Only part of a ReadProcessMemory or WriteProcessMemory request was completed. (0x12B)
[0520/230739.312:ERROR:process_memory_win.cc(73)] ReadMemory at 0x7ffa6c31f978 of 48 bytes failed: Only part of a ReadProcessMemory or WriteProcessMemory request was completed. (0x12B)
[0520/230739.312:ERROR:process_memory_win.cc(73)] ReadMemory at 0x7ffa6c3253c0 of 64 bytes failed: Only part of a ReadProcessMemory or WriteProcessMemory request was completed. (0x12B)
[0520/230739.314:ERROR:scoped_process_suspend.cc(40)] NtResumeProcess: An attempt was made to access an exiting process. (0xc000010a)
